6488 Competitions begin locally and continue through the state and national levels.
10443 New Evangelical United Brethren Cemetery.
16170 This also uses MAC address authentication.
19422 He also could draw anything, make anything look exciting, and I actually think he was even faster than Jack.
55189 Thousands were inoculated for typhoid fever and tetanus.
108056 He was then moved to the al-Faruq training camp.
158926 The integrator is mostly used in analog computers, analog-to-digital converters and wave-shaping circuits.
208284 A dozen captains were tried by court-martial and cashiered.
229678 The Maharaja used to inspect the guards contingent.
242535 The Tate Galleries also use zero-hour contracts.
251481 He is a writer for tabloid-level newspapers.
255830 Micro-affirmations and micro-advantages.
272939 The aircraft was designed to carry and deploy up to four drones.
308575 As a favor, he becomes a temporary chauffeur for the wealthy Billings family.
310088 Julian was also a largely absent father.
346563 The film stars Allen as the titular character, as well as Mia Farrow and Nick Apollo Forte.
348437 How automatic music transcription works.
355717 The mall also features a large arcade in the basement, called Arcade Legacy.
380929 Early the following day, the cyclone curved east-southeastward.
397355 He already had emphysema and heart disease, and he and his doctors decided to forego treatment for the cancer.
399850 The entourage was also allowed to celebrate Christian mass daily.
417279 He and his forces then vacated Judea.
420432 The white fur also had a more distinct and curved line.
434613 And is there any truth to the idea that cooking can destroy vitamins?
437503 Things like that which make it flow erratically at times.
448743 Alternative techniques exist that affix the implant without cement.
455938 That is, we are looking at how early into we can get from, and how far we can stay in and still get back to.
492180 Multiple Grade I winner Awe Inspiring finished third.
504928 In this story, Wolverine and Cyclops are brothers.
545964 Her more chaotic and malicious actions start to concern her Amazon generals.
549835 The ceremony was followed by a triumphal entry into the city.
588228 Her body was discovered by a butcher when he arrived to work.
604117 That is anti-democratic and anti-Wikipedia.
624627 When a garage is attached to a house, the garage typically has an entry door into the house.
646439 It has indeed been a big decision to move to India, but I feel that there is this huge zest and enthusiasm for football here.
718629 Also in the Main Building is the library, where a career and exam advisor makes biweekly appearances.
763794 They claim descent from the Fujiwara clan.
764267 For her, it was the linchpin for the album.
777525 The Canadian Forces have also established a drop zone nearby.
794345 The American Jewish Joint Distribution Committee.
847320 They earn their livelihood by cultivation and weaving.
888705 BIG-IQ uses a multi-tenant approach to management.
919863 Though artistically successful, Viva was never very successful financially.
927018 The main threat to the ecological community is clearing for urban development, and the subsequent impacts from fragmentation.
962293 The wizard favored class was also already used by elves.
1005010 He was well known for kicking kick-offs through the uprights.
1042652 Anyway, my uneducated guess is that this new name means Fenian Swine in Irish.
1044291 Sure, you draw a circle, and a circle is what you get.
1056141 Lettering identifying each bin is by hand.
1070262 The current Chief Commissioner is Cheung Chi Sun.
1084043 Centralization, decentralization, and formalization.
1097704 Bamboo construction is also earthquake-resistant.
1101047 In medium to large-sized companies hours have increased.
1129054 Montana then started working for the Kingpin.
1134665 Inter-ministerial and inter-agency committees.
1139476 For this end, the Junta would need to create an espionage network.
1139894 He moved then to the countryside, to live with his brother Luis.
1148226 The album was generally well-received critically.
1199129 This stand was also named after a former chairman Des Williams.
1225877 If anyone wants to hear my ideas, feel free to ask.
1244517 In Everything New Under the Sun, Abby meets her when they both go to stay with Grandma Emma.
1282141 50-caliber antiaircraft machine gun battery.
1314430 The claws were flat, hoof-shaped and curved to the inside.
1323565 Visible in this disorder are large mega-neurite formations.
1331369 He was already a major landowner in the area, a nabob whose fortune came from his adventures and trading deals in India.
1375141 His tryout was successful and he was accepted as a trainee.
1389780 The funeral mass is announced that Belov is killed.
1429996 He successfully kills Doi, wounds a guard and escapes.
1440523 Fantastic art is a broad and loosely defined art genre.
1461243 Ibrahim, born a Christian, was enslaved during his youth.
1479702 Acidification threatens to destroy Arctic food webs from the base up.
1505458 Mayo were declared champions without the need for a final.
1562233 However, my friends tell me it wick-uh-pedia.
1581482 The father tells her that Su-yeon is dead, bewildering the distressed Su-mi.
1599996 He brought fresh ideas and much needed investment and introduced better financial management.
1669117 Forté has been working with at-risk youth to deter them from drugs and crime.
1680290 However, the Border Café idea was a money loser.
1699901 Disagreement with Australian government.
1793799 Emperor Wen honored Empress Zhang as empress dowager.
1805061 He starred in various film genres such as drama, comedy and action.
1831935 H-Hour was also fixed for three hours before high-water mark.
1863304 The victory at the end is downbeat, and there is an indifference to it.
1882050 When studying in Japan, he became acquainted with fellow student Chiang Kai-shek.
1886617 Charmed by the girl, he let her into his audition.
1949046 He wants Fitzgerald to finish writing The Last Tycoon.
1986971 Business linkages and value chain development.
1992899 It was the Kiwis first ever World Cup victory, in a game they were considered massive underdogs.
2042641 Their music is in the electro-industrial genre.
2049268 There are currently four major Kan-Ei dictionaries.
2072414 The core-rod is made and before being drawn into fiber its core diameter and NA are checked.
